<?xml version="1.0" encoding="UTF-8"?>
<!-- Generated by org.testng.reporters.JUnitReportReporter -->
<testsuite name="Selenium.Selenium.test1" tests="1" time="5.005" ignored="0" failures="0" timestamp="19 Sep 2018 03:37:51 GMT" skipped="0" hostname="ashishs-MBP" errors="0">
  <testcase name="test" time="5.005" classname="Selenium.Selenium.test1"/>
</testsuite> <!-- Selenium.Selenium.test1 -->
